<?xml version="1.0" encoding="UTF-8"?>
<testng-results skipped="0" failed="0" ignored="0" total="1" passed="1">
  <reporter-output>
  </reporter-output>
  <suite name="Default suite" duration-ms="1164" started-at="2017-12-06T07:04:47Z" finished-at="2017-12-06T07:04:48Z">
    <groups>
    </groups>
    <test name="Default test" duration-ms="1164" started-at="2017-12-06T07:04:47Z" finished-at="2017-12-06T07:04:48Z">
      <class name="com.rest.employee.PUT.PUT_MULTIPLE_UPDATE">
        <test-method status="PASS" signature="setDataForTest()[pri:0, instance:com.rest.employee.PUT.PUT_MULTIPLE_UPDATE@4520ebad]" name="setDataForTest" is-config="true" duration-ms="331" started-at="2017-12-06T12:34:47Z" finished-at="2017-12-06T12:34:47Z">
          <reporter-output>
          </reporter-output>
        </test-method> <!-- setDataForTest -->
        <test-method status="PASS" signature="putByID()[pri:0, instance:com.rest.employee.PUT.PUT_MULTIPLE_UPDATE@4520ebad]" name="putByID" duration-ms="820" started-at="2017-12-06T12:34:47Z" finished-at="2017-12-06T12:34:48Z">
          <reporter-output>
          </reporter-output>
        </test-method> <!-- putByID -->
      </class> <!-- com.rest.employee.PUT.PUT_MULTIPLE_UPDATE -->
    </test> <!-- Default test -->
  </suite> <!-- Default suite -->
</testng-results>
