<?xml version="1.0" encoding="UTF-8"?>
<testng-results skipped="0" failed="0" ignored="0" total="2" passed="2">
  <reporter-output>
  </reporter-output>
  <suite name="Default suite" duration-ms="1236" started-at="2017-12-06T03:49:03Z" finished-at="2017-12-06T03:49:04Z">
    <groups>
    </groups>
    <test name="Default test" duration-ms="1236" started-at="2017-12-06T03:49:03Z" finished-at="2017-12-06T03:49:04Z">
      <class name="com.country.employee.POST.POST_CREATE">
        <test-method status="PASS" signature="setDataForTest()[pri:0, instance:com.country.employee.POST.POST_CREATE@4520ebad]" name="setDataForTest" is-config="true" duration-ms="306" started-at="2017-12-06T09:19:03Z" finished-at="2017-12-06T09:19:03Z">
          <reporter-output>
          </reporter-output>
        </test-method> <!-- setDataForTest -->
        <test-method status="PASS" signature="createDummyWithGET()[pri:0, instance:com.country.employee.POST.POST_CREATE@4520ebad]" name="createDummyWithGET" duration-ms="855" started-at="2017-12-06T09:19:03Z" finished-at="2017-12-06T09:19:04Z">
          <reporter-output>
          </reporter-output>
        </test-method> <!-- createDummyWithGET -->
        <test-method status="PASS" signature="createNewEmployee()[pri:0, instance:com.country.employee.POST.POST_CREATE@4520ebad]" name="createNewEmployee" duration-ms="58" started-at="2017-12-06T09:19:04Z" finished-at="2017-12-06T09:19:04Z">
          <reporter-output>
          </reporter-output>
        </test-method> <!-- createNewEmployee -->
      </class> <!-- com.country.employee.POST.POST_CREATE -->
    </test> <!-- Default test -->
  </suite> <!-- Default suite -->
</testng-results>
